# Logfile created on 2013-06-26 18:14:06 +1000 by logger.rb/36483
2013-06-26 18:14:06.497 buildbot(4475) [INFO] [daemon-kit]: DaemonKit (0.2.1) booting in development mode
2013-06-26 18:14:06.611 buildbot(4475) [INFO] [daemon-kit]: Setting up trap for USR1
2013-06-26 18:14:06.706 buildbot(4475) [INFO] [daemon-kit]: Setting up trap for USR2
2013-06-26 18:14:06.784 buildbot(4475) [INFO] [daemon-kit]: Setting up trap for HUP
2013-06-26 18:14:06.858 buildbot(4475) [INFO] [daemon-kit]: Setting up trap for INT
2013-06-26 18:14:06.933 buildbot(4475) [INFO] [daemon-kit]: Setting up trap for TERM
2013-06-26 18:14:06.2917 buildbot(4475) [INFO] [daemon-kit]: DaemonKit (0.2.1) booted, now running buildbot
2013-06-26 18:14:06.3657 buildbot(4475) [INFO] [daemon-kit]: Starting rufus-scheduler
2013-06-26 18:15:06.244845 buildbot(4475) [DEBUG] buildbot-daemon.rb:44: Scheduled task completed at 2013-06-26 18:15:06 +1000
2013-06-26 18:15:21.959956 buildbot(4496) [INFO] [daemon-kit]: DaemonKit (0.2.1) booting in development mode
2013-06-26 18:15:21.960103 buildbot(4496) [INFO] [daemon-kit]: Setting up trap for USR1
2013-06-26 18:15:21.960192 buildbot(4496) [INFO] [daemon-kit]: Setting up trap for USR2
2013-06-26 18:15:21.960269 buildbot(4496) [INFO] [daemon-kit]: Setting up trap for HUP
2013-06-26 18:15:21.960345 buildbot(4496) [INFO] [daemon-kit]: Setting up trap for INT
2013-06-26 18:15:21.960408 buildbot(4496) [INFO] [daemon-kit]: Setting up trap for TERM
2013-06-26 18:15:21.962390 buildbot(4496) [INFO] [daemon-kit]: DaemonKit (0.2.1) booted, now running buildbot
2013-06-26 18:15:21.963197 buildbot(4496) [INFO] [daemon-kit]: Starting rufus-scheduler
2013-06-26 18:15:23.287906 buildbot(4496) [DEBUG] buildbot-daemon.rb:44: Scheduled task completed at 2013-06-26 18:15:23 +1000
2013-06-26 18:15:24.281369 buildbot(4496) [DEBUG] buildbot-daemon.rb:44: Scheduled task completed at 2013-06-26 18:15:24 +1000
2013-06-26 18:15:25.274082 buildbot(4496) [DEBUG] buildbot-daemon.rb:44: Scheduled task completed at 2013-06-26 18:15:25 +1000
2013-06-26 18:15:26.267617 buildbot(4496) [DEBUG] buildbot-daemon.rb:44: Scheduled task completed at 2013-06-26 18:15:26 +1000
2013-06-26 18:15:27.261157 buildbot(4496) [DEBUG] buildbot-daemon.rb:44: Scheduled task completed at 2013-06-26 18:15:27 +1000
2013-06-26 18:17:05.799565 buildbot(4633) [INFO] [daemon-kit]: DaemonKit (0.2.1) booting in development mode
2013-06-26 18:17:05.799711 buildbot(4633) [INFO] [daemon-kit]: Setting up trap for USR1
2013-06-26 18:17:05.799794 buildbot(4633) [INFO] [daemon-kit]: Setting up trap for USR2
2013-06-26 18:17:05.799864 buildbot(4633) [INFO] [daemon-kit]: Setting up trap for HUP
2013-06-26 18:17:05.799940 buildbot(4633) [INFO] [daemon-kit]: Setting up trap for INT
2013-06-26 18:17:05.800001 buildbot(4633) [INFO] [daemon-kit]: Setting up trap for TERM
2013-06-26 18:17:05.801952 buildbot(4633) [INFO] [daemon-kit]: DaemonKit (0.2.1) booted, now running buildbot
2013-06-26 18:17:05.802731 buildbot(4633) [INFO] [daemon-kit]: Starting rufus-scheduler
2013-06-26 18:17:07.126017 buildbot(4633) [DEBUG] buildbot-daemon.rb:45: Scheduled task completed at 2013-06-26 18:17:07 +1000
2013-06-26 18:17:07.126180 buildbot(4633) [DEBUG] buildbot-daemon.rb:46: hello
2013-06-26 18:17:08.119512 buildbot(4633) [DEBUG] buildbot-daemon.rb:45: Scheduled task completed at 2013-06-26 18:17:08 +1000
2013-06-26 18:17:08.119650 buildbot(4633) [DEBUG] buildbot-daemon.rb:46: hello
2013-06-26 18:17:09.113113 buildbot(4633) [DEBUG] buildbot-daemon.rb:45: Scheduled task completed at 2013-06-26 18:17:09 +1000
2013-06-26 18:17:09.113241 buildbot(4633) [DEBUG] buildbot-daemon.rb:46: hello
2013-06-26 18:17:10.105081 buildbot(4633) [DEBUG] buildbot-daemon.rb:45: Scheduled task completed at 2013-06-26 18:17:10 +1000
2013-06-26 18:17:10.105220 buildbot(4633) [DEBUG] buildbot-daemon.rb:46: hello
2013-06-26 18:25:04.684393 buildbot(4718) [INFO] [daemon-kit]: DaemonKit (0.2.1) booting in development mode
2013-06-26 18:25:04.684543 buildbot(4718) [INFO] [daemon-kit]: Setting up trap for USR1
2013-06-26 18:25:04.684617 buildbot(4718) [INFO] [daemon-kit]: Setting up trap for USR2
2013-06-26 18:25:04.684694 buildbot(4718) [INFO] [daemon-kit]: Setting up trap for HUP
2013-06-26 18:25:04.684759 buildbot(4718) [INFO] [daemon-kit]: Setting up trap for INT
2013-06-26 18:25:04.684819 buildbot(4718) [INFO] [daemon-kit]: Setting up trap for TERM
2013-06-26 18:25:04.686093 buildbot(4718) [INFO] [daemon-kit]: DaemonKit (0.2.1) booted, now running buildbot
2013-06-26 18:25:04.686996 buildbot(4718) [INFO] [daemon-kit]: Starting rufus-scheduler
2013-06-26 18:25:34.807674 buildbot(4718) [DEBUG] buildbot-daemon.rb:45: Scheduled task completed at 2013-06-26 18:25:34 +1000
2013-06-26 18:25:34.841344 buildbot(4718) [DEBUG] buildbot-daemon.rb:46: 
2013-06-26 18:26:04.929070 buildbot(4718) [DEBUG] buildbot-daemon.rb:45: Scheduled task completed at 2013-06-26 18:26:04 +1000
2013-06-26 18:26:04.934143 buildbot(4718) [DEBUG] buildbot-daemon.rb:46: 
2013-06-26 19:33:48.466217 buildbot(5447) [INFO] [daemon-kit]: DaemonKit (0.2.1) booting in development mode
2013-06-26 19:33:48.466374 buildbot(5447) [INFO] [daemon-kit]: Setting up trap for USR1
2013-06-26 19:33:48.466451 buildbot(5447) [INFO] [daemon-kit]: Setting up trap for USR2
2013-06-26 19:33:48.466526 buildbot(5447) [INFO] [daemon-kit]: Setting up trap for HUP
2013-06-26 19:33:48.466600 buildbot(5447) [INFO] [daemon-kit]: Setting up trap for INT
2013-06-26 19:33:48.466664 buildbot(5447) [INFO] [daemon-kit]: Setting up trap for TERM
2013-06-26 19:33:48.467846 buildbot(5447) [INFO] [daemon-kit]: DaemonKit (0.2.1) booted, now running buildbot
2013-06-26 19:33:48.468779 buildbot(5447) [INFO] [daemon-kit]: Starting rufus-scheduler
2013-06-26 19:34:18.579248 buildbot(5447) [DEBUG] buildbot-daemon.rb:44: Watcher task started at 2013-06-26 19:34:18 +1000
2013-06-26 19:34:18.579621 buildbot(5447) [ERROR] [daemon-kit]: Cron: job Rufus::Scheduler::EveryJob_70242090637500 caught exception: 'uninitialized constant Watcher'
2013-06-26 19:34:18.579763 buildbot(5447) [ERROR] EXCEPTION: uninitialized constant Watcher: ["/libexec/buildbot-daemon.rb:45:in `block in <top (required)>'", "/Users/justin.lambert/.rvm/gems/ruby-2.0.0-p195/gems/rufus-scheduler-2.0.19/lib/rufus/sc/jobs.rb:231:in `call'", "/Users/justin.lambert/.rvm/gems/ruby-2.0.0-p195/gems/rufus-scheduler-2.0.19/lib/rufus/sc/jobs.rb:231:in `trigger_block'", "/Users/justin.lambert/.rvm/gems/ruby-2.0.0-p195/gems/rufus-scheduler-2.0.19/lib/rufus/sc/jobs.rb:191:in `block in trigger'", "/Users/justin.lambert/.rvm/gems/ruby-2.0.0-p195/gems/rufus-scheduler-2.0.19/lib/rufus/sc/scheduler.rb:415:in `call'", "/Users/justin.lambert/.rvm/gems/ruby-2.0.0-p195/gems/rufus-scheduler-2.0.19/lib/rufus/sc/scheduler.rb:415:in `block in trigger_job'"]
2013-06-26 19:34:49.890255 buildbot(5486) [INFO] [daemon-kit]: DaemonKit (0.2.1) booting in development mode
2013-06-26 19:34:49.890397 buildbot(5486) [INFO] [daemon-kit]: Setting up trap for USR1
2013-06-26 19:34:49.890483 buildbot(5486) [INFO] [daemon-kit]: Setting up trap for USR2
2013-06-26 19:34:49.890554 buildbot(5486) [INFO] [daemon-kit]: Setting up trap for HUP
2013-06-26 19:34:49.890628 buildbot(5486) [INFO] [daemon-kit]: Setting up trap for INT
2013-06-26 19:34:49.890690 buildbot(5486) [INFO] [daemon-kit]: Setting up trap for TERM
2013-06-26 19:34:49.891796 buildbot(5486) [INFO] [daemon-kit]: DaemonKit (0.2.1) booted, now running buildbot
2013-06-26 19:34:49.892793 buildbot(5486) [INFO] [daemon-kit]: Starting rufus-scheduler
2013-06-26 19:35:20.3658 buildbot(5486) [DEBUG] buildbot-daemon.rb:44: Watcher task started at 2013-06-26 19:35:20 +1000
2013-06-26 19:35:20.4015 buildbot(5486) [ERROR] [daemon-kit]: Cron: job Rufus::Scheduler::EveryJob_70266454759480 caught exception: 'uninitialized constant Watcher'
2013-06-26 19:35:20.4154 buildbot(5486) [ERROR] EXCEPTION: uninitialized constant Watcher: ["/libexec/buildbot-daemon.rb:45:in `block in <top (required)>'", "/Users/justin.lambert/.rvm/gems/ruby-2.0.0-p195/gems/rufus-scheduler-2.0.19/lib/rufus/sc/jobs.rb:231:in `call'", "/Users/justin.lambert/.rvm/gems/ruby-2.0.0-p195/gems/rufus-scheduler-2.0.19/lib/rufus/sc/jobs.rb:231:in `trigger_block'", "/Users/justin.lambert/.rvm/gems/ruby-2.0.0-p195/gems/rufus-scheduler-2.0.19/lib/rufus/sc/jobs.rb:191:in `block in trigger'", "/Users/justin.lambert/.rvm/gems/ruby-2.0.0-p195/gems/rufus-scheduler-2.0.19/lib/rufus/sc/scheduler.rb:415:in `call'", "/Users/justin.lambert/.rvm/gems/ruby-2.0.0-p195/gems/rufus-scheduler-2.0.19/lib/rufus/sc/scheduler.rb:415:in `block in trigger_job'"]
2013-06-26 19:35:50.146853 buildbot(5486) [DEBUG] buildbot-daemon.rb:44: Watcher task started at 2013-06-26 19:35:50 +1000
2013-06-26 19:35:50.147099 buildbot(5486) [ERROR] [daemon-kit]: Cron: job Rufus::Scheduler::EveryJob_70266454759480 caught exception: 'uninitialized constant Watcher'
2013-06-26 19:35:50.147194 buildbot(5486) [ERROR] EXCEPTION: uninitialized constant Watcher: ["/libexec/buildbot-daemon.rb:45:in `block in <top (required)>'", "/Users/justin.lambert/.rvm/gems/ruby-2.0.0-p195/gems/rufus-scheduler-2.0.19/lib/rufus/sc/jobs.rb:231:in `call'", "/Users/justin.lambert/.rvm/gems/ruby-2.0.0-p195/gems/rufus-scheduler-2.0.19/lib/rufus/sc/jobs.rb:231:in `trigger_block'", "/Users/justin.lambert/.rvm/gems/ruby-2.0.0-p195/gems/rufus-scheduler-2.0.19/lib/rufus/sc/jobs.rb:191:in `block in trigger'", "/Users/justin.lambert/.rvm/gems/ruby-2.0.0-p195/gems/rufus-scheduler-2.0.19/lib/rufus/sc/scheduler.rb:415:in `call'", "/Users/justin.lambert/.rvm/gems/ruby-2.0.0-p195/gems/rufus-scheduler-2.0.19/lib/rufus/sc/scheduler.rb:415:in `block in trigger_job'"]
2013-06-26 19:35:50.147311 buildbot(5486) [DEBUG] buildbot-daemon.rb:51: Executor task started at 2013-06-26 19:35:50 +1000
2013-06-26 19:35:50.147514 buildbot(5486) [ERROR] [daemon-kit]: Cron: job Rufus::Scheduler::EveryJob_70266454758140 caught exception: 'uninitialized constant Executor'
2013-06-26 19:35:50.147587 buildbot(5486) [ERROR] EXCEPTION: uninitialized constant Executor: ["/libexec/buildbot-daemon.rb:52:in `block in <top (required)>'", "/Users/justin.lambert/.rvm/gems/ruby-2.0.0-p195/gems/rufus-scheduler-2.0.19/lib/rufus/sc/jobs.rb:231:in `call'", "/Users/justin.lambert/.rvm/gems/ruby-2.0.0-p195/gems/rufus-scheduler-2.0.19/lib/rufus/sc/jobs.rb:231:in `trigger_block'", "/Users/justin.lambert/.rvm/gems/ruby-2.0.0-p195/gems/rufus-scheduler-2.0.19/lib/rufus/sc/jobs.rb:191:in `block in trigger'", "/Users/justin.lambert/.rvm/gems/ruby-2.0.0-p195/gems/rufus-scheduler-2.0.19/lib/rufus/sc/scheduler.rb:415:in `call'", "/Users/justin.lambert/.rvm/gems/ruby-2.0.0-p195/gems/rufus-scheduler-2.0.19/lib/rufus/sc/scheduler.rb:415:in `block in trigger_job'"]
2013-06-26 19:36:20.758660 buildbot(5588) [INFO] [daemon-kit]: DaemonKit (0.2.1) booting in development mode
2013-06-26 19:36:20.758801 buildbot(5588) [INFO] [daemon-kit]: Setting up trap for USR1
2013-06-26 19:36:20.758883 buildbot(5588) [INFO] [daemon-kit]: Setting up trap for USR2
2013-06-26 19:36:20.758958 buildbot(5588) [INFO] [daemon-kit]: Setting up trap for HUP
2013-06-26 19:36:20.759032 buildbot(5588) [INFO] [daemon-kit]: Setting up trap for INT
2013-06-26 19:36:20.759093 buildbot(5588) [INFO] [daemon-kit]: Setting up trap for TERM
2013-06-26 19:36:20.760520 buildbot(5588) [INFO] [daemon-kit]: DaemonKit (0.2.1) booted, now running buildbot
2013-06-26 19:36:20.761425 buildbot(5588) [INFO] [daemon-kit]: Starting rufus-scheduler
2013-06-26 19:36:50.887804 buildbot(5588) [DEBUG] buildbot-daemon.rb:44: Watcher task started at 2013-06-26 19:36:50 +1000
2013-06-26 19:36:52.332988 buildbot(5588) [DEBUG] buildbot-daemon.rb:47: Watcher task completed at 2013-06-26 19:36:52 +1000
2013-06-26 19:37:21.7821 buildbot(5588) [DEBUG] buildbot-daemon.rb:44: Watcher task started at 2013-06-26 19:37:21 +1000
2013-06-26 19:37:21.7990 buildbot(5588) [DEBUG] buildbot-daemon.rb:51: Executor task started at 2013-06-26 19:37:21 +1000
2013-06-26 19:37:21.24487 buildbot(5588) [DEBUG] buildbot-daemon.rb:54: Executor task completed at 2013-06-26 19:37:21 +1000
2013-06-26 19:37:22.107890 buildbot(5588) [DEBUG] buildbot-daemon.rb:47: Watcher task completed at 2013-06-26 19:37:22 +1000
